 _ _ _ _ _ _ 
|_ _  |_ _  |
|_    |_    |
|_ _|_  | |_|
|  _     _| |
|_ _|_|  _  |
|_ _ _ _ _|_|
(ruta:J:E E S S E S S E E S )
(ruta:D:E E S O O E S O E N E S E S O O O S E O N E E S N E S S O O O E E E E E )
(ruta:I:E E E N N N O N N O O E E S S E S E N N E N S O S S O S E E S O O O O O )
(ruta:S:E E S S E S S E E S )
(ruta:T:N O O N E N N E N S O S S O N O N N O O E E S S E S S S O O O E E E E E )
(ruta:A:E E S O O E S O E N E S E S O O O S E O N E E S N E S S O O O E E E E E )
(turno:0)
(mapa:35)
(puerta:cerrada:5:1 3 5 7 9 11 13 15 17 19 21 23 25 27 29 :)
 _ _ _ _ _ _ 
|4 _  |_ _  |
|_    |_    |
|_ _|_  | |_|
|  _     _| |
|_ _|_|  _  |
|I _ _ _ _ T|
(sala:0:0 1 1 2 3 )
(sala:1:3 4 5 5 6 )
(sala:2:7 7 8 9 9 )
(sala:8:10 11 11 12 13 )
(sala:14:13 14 15 15 16 )
(sala:15:17 17 18 19 19 )
(sala:21:20 21 21 22 23 )
(sala:27:23 24 25 25 26 )
(sala:35:27 27 28 29 29 )
(0:0:Stark:J:)
(0:0:Targaryen:D:)
(0:0:Stark:S:)
(0:0:Targaryen:A:)
(30:0:Caminante Blanco:I:)
(35:0:Lannister:T:29 27 25 23 21 19 17 15 13 11 9 7 5 3 1 )
(turno:1)
(mapa:35)
(puerta:cerrada:5:1 3 5 7 9 11 13 15 17 19 21 23 25 27 29 :)
 _ _ _ _ _ _ 
|2 2  |_ _  |
|_    |_    |
|_ _|_  | |_|
|  _     _| |
|_ _|_|  _ T|
|I _ _ _ _ _|
(sala:0:0 1 1 2 3 )
(sala:1:5 5 6 )
(sala:2:7 7 8 9 9 )
(sala:8:10 11 11 12 13 )
(sala:14:13 14 15 15 16 )
(sala:15:17 17 18 19 19 )
(sala:21:20 21 21 22 23 )
(sala:27:23 24 25 25 26 )
(sala:35:27 27 28 29 29 )
(0:1:Stark:S:)
(0:1:Targaryen:A:)
(1:1:Stark:J:3 )
(1:1:Targaryen:D:4 )
(29:1:Lannister:T:29 27 25 23 21 19 17 15 13 11 9 7 5 3 1 )
(30:1:Caminante Blanco:I:)
(turno:2)
(mapa:35)
(puerta:cerrada:5:1 3 5 7 9 11 13 15 17 19 21 23 25 27 29 :)
 _ _ _ _ _ _ 
|_ 2 2|_ _  |
|_    |_    |
|_ _|_  | |_|
|  _     _| |
|_ _|_|  T  |
|_ I _ _ _ _|
(sala:0:0 1 1 2 3 )
(sala:1:6 )
(sala:2:8 9 9 )
(sala:8:10 11 11 12 13 )
(sala:14:13 14 15 15 16 )
(sala:15:17 17 18 19 19 )
(sala:21:20 21 21 22 23 )
(sala:27:23 24 25 25 26 )
(sala:28:29 )
(sala:35:27 27 28 29 29 )
(1:2:Stark:S:5 )
(1:2:Targaryen:A:5 )
(2:2:Stark:J:7 3 )
(2:2:Targaryen:D:7 4 )
(28:2:Lannister:T:27 25 23 21 19 17 15 13 11 9 7 5 3 1 )
(31:2:Caminante Blanco:I:)
(turno:3)
(mapa:35)
(puerta:cerrada:5:1 3 5 7 9 11 13 15 17 19 21 23 25 27 29 :)
 _ _ _ _ _ _ 
|_ _ 2|_ _  |
|_   2|_    |
|_ _|_  | |_|
|  _     _| |
|_ _|_|T _  |
|_ _ I _ _ _|
(sala:0:0 1 1 2 3 )
(sala:1:6 )
(sala:2:9 )
(sala:8:11 12 13 )
(sala:14:13 14 15 15 16 )
(sala:15:17 17 18 19 19 )
(sala:21:20 21 21 22 23 )
(sala:27:23 24 25 25 26 )
(sala:28:29 )
(sala:35:27 27 28 29 29 )
(2:3:Stark:S:8 5 )
(2:3:Targaryen:A:9 5 )
(8:3:Stark:J:10 7 3 )
(8:3:Targaryen:D:11 7 4 )
(27:3:Lannister:T:27 25 23 21 19 17 15 13 11 9 7 5 3 1 )
(32:3:Caminante Blanco:I:)
(turno:4)
(mapa:35)
(puerta:cerrada:5:1 3 5 7 9 11 13 15 17 19 21 23 25 27 29 :)
 _ _ _ _ _ _ 
|_ _  |_ _  |
|_ D 2|_    |
|_ _|J  | |_|
|  _   T _| |
|_ _|_|  _  |
|_ _ _ I _ _|
(sala:0:0 1 1 2 3 )
(sala:1:6 )
(sala:2:9 )
(sala:8:13 )
(sala:14:14 15 15 16 )
(sala:15:17 17 18 19 19 )
(sala:21:20 21 21 22 23 )
(sala:27:23 24 25 25 26 )
(sala:28:29 )
(sala:35:27 27 28 29 29 )
(7:4:Targaryen:D:11 7 4 )
(8:4:Stark:S:11 8 5 )
(8:4:Targaryen:A:12 9 5 )
(14:4:Stark:J:13 10 7 3 )
(21:4:Lannister:T:27 25 23 21 19 17 15 13 11 9 7 5 3 1 )
(33:4:Caminante Blanco:I:)
(turno:5)
(mapa:35)
(puerta:cerrada:5:1 3 5 7 9 11 13 15 17 19 21 23 25 27 29 :)
 _ _ _ _ _ _ 
|_ _  |_ _  |
|D A  |_    |
|_ _|S J| |_|
|  _     T| |
|_ _|_|I _  |
|_ _ _ _ _ _|
(sala:0:0 1 1 2 3 )
(sala:1:6 )
(sala:2:9 )
(sala:8:13 )
(sala:14:15 15 16 )
(sala:15:17 18 19 19 )
(sala:21:20 21 21 22 23 )
(sala:22:27 )
(sala:27:23 24 25 25 26 )
(sala:28:29 )
(sala:35:27 27 28 29 29 )
(6:5:Targaryen:D:11 7 4 )
(7:5:Targaryen:A:12 9 5 )
(14:5:Stark:S:14 11 8 5 )
(15:5:Stark:J:17 13 10 7 3 )
(22:5:Lannister:T:25 23 21 19 17 15 13 11 9 7 5 3 1 )
(27:5:Caminante Blanco:I:)
(turno:6)
(mapa:35)
(puerta:cerrada:5:1 3 5 7 9 11 13 15 17 19 21 23 25 27 29 :)
 _ _ _ _ _ _ 
|_ _  |_ _  |
|A D  |_    |
|_ _|_ S|T|_|
|  _   I _| |
|_ _|_|  _  |
|_ _ _ _ _ _|
(sala:0:0 1 1 2 3 )
(sala:1:6 )
(sala:2:9 )
(sala:8:13 )
(sala:14:15 15 16 )
(sala:15:18 19 19 )
(sala:16:25 )
(sala:21:21 21 22 23 )
(sala:22:27 )
(sala:27:23 24 25 25 26 )
(sala:28:29 )
(sala:35:27 27 28 29 29 )
(6:6:Targaryen:A:12 9 5 )
(7:6:Targaryen:D:11 7 4 )
(15:6:Stark:S:17 14 11 8 5 )
(16:6:Lannister:T:23 21 19 17 15 13 11 9 7 5 3 1 )
(21:6:Caminante Blanco:I:J )
(turno:7)
(mapa:35)
(puerta:cerrada:5:1 3 5 7 9 11 13 15 17 19 21 23 25 27 29 :)
 _ _ _ _ _ _ 
|_ _  |_ _  |
|_ A  |_ T  |
|_ D|_ I| |_|
|  _   S _| |
|_ _|_|  _  |
|_ _ _ _ _ _|
(sala:0:0 1 1 2 3 )
(sala:1:6 )
(sala:2:9 )
(sala:8:13 )
(sala:10:23 )
(sala:14:15 15 16 )
(sala:15:18 19 19 )
(sala:16:25 )
(sala:21:21 22 23 )
(sala:22:27 )
(sala:27:23 24 25 25 26 )
(sala:28:29 )
(sala:35:27 27 28 29 29 )
(7:7:Targaryen:A:12 9 5 )
(10:7:Lannister:T:21 19 17 15 13 11 9 7 5 3 1 )
(13:7:Targaryen:D:11 7 4 )
(15:7:Caminante Blanco:I:J )
(21:7:Stark:S:21 17 14 11 8 5 )
(turno:8)
(mapa:35)
(puerta:cerrada:5:1 3 5 7 9 11 13 15 17 19 21 23 25 27 29 :)
 _ _ _ _ _ _ 
|_ _  |_ _  |
|_    |_   T|
|D A|I  | |_|
|  _     _| |
|_ _|_|S _  |
|_ _ _ _ _ _|
(sala:0:0 1 1 2 3 )
(sala:1:6 )
(sala:2:9 )
(sala:8:13 )
(sala:10:23 )
(sala:14:15 15 16 )
(sala:15:18 19 19 )
(sala:16:25 )
(sala:21:21 22 23 )
(sala:22:27 )
(sala:27:24 25 25 26 )
(sala:28:29 )
(sala:35:27 27 28 29 29 )
(11:8:Lannister:T:21 19 17 15 13 11 9 7 5 3 1 )
(12:8:Targaryen:D:11 7 4 )
(13:8:Targaryen:A:12 9 5 )
(14:8:Caminante Blanco:I:J )
(27:8:Stark:S:23 21 17 14 11 8 5 )
(turno:9)
(mapa:35)
(puerta:cerrada:5:1 3 5 7 9 11 13 15 17 19 21 23 25 27 29 :)
 _ _ _ _ _ _ 
|_ _  |_ _ T|
|_   I|_    |
|A D|_  | |_|
|  _     _| |
|_ _|_|  S  |
|_ _ _ _ _ _|
(sala:0:0 1 1 2 3 )
(sala:1:6 )
(sala:2:9 )
(sala:8:13 )
(sala:10:23 )
(sala:14:15 15 16 )
(sala:15:18 19 19 )
(sala:16:25 )
(sala:21:21 22 23 )
(sala:22:27 )
(sala:27:24 25 25 26 )
(sala:35:27 27 28 29 29 )
(5:9:Lannister:T:21 19 17 15 13 11 9 7 5 3 1 )
(8:9:Caminante Blanco:I:J )
(12:9:Targaryen:A:12 9 5 )
(13:9:Targaryen:D:11 7 4 )
(28:9:Stark:S:29 23 21 17 14 11 8 5 )
(turno:10)
(mapa:35)
(puerta:cerrada:5:1 3 5 7 9 11 13 15 17 19 21 23 25 27 29 :)
 _ _ _ _ _ _ 
|_ _ I|_ _  |
|_ D  |_   T|
|_ A|_  | |_|
|  _     _| |
|_ _|_|  _ S|
|_ _ _ _ _ _|
(sala:0:0 1 1 2 3 )
(sala:1:6 )
(sala:2:9 )
(sala:8:13 )
(sala:10:23 )
(sala:14:15 15 16 )
(sala:15:18 19 19 )
(sala:16:25 )
(sala:21:21 22 23 )
(sala:22:27 )
(sala:27:24 25 25 26 )
(sala:35:27 27 28 29 29 )
(2:10:Caminante Blanco:I:J )
(7:10:Targaryen:D:11 7 4 )
(11:10:Lannister:T:21 19 17 15 13 11 9 7 5 3 1 )
(13:10:Targaryen:A:12 9 5 )
(29:10:Stark:S:29 23 21 17 14 11 8 5 )
(turno:11)
(mapa:35)
(puerta:cerrada:5:1 3 5 7 9 11 13 15 17 19 21 23 25 27 29 :)
 _ _ _ _ _ _ 
|_ I  |_ _  |
|_ A D|_ T  |
|_ _|_  | |_|
|  _     _| |
|_ _|_|  _  |
|_ _ _ _ _ S|
(sala:0:0 1 1 2 3 )
(sala:1:6 )
(sala:2:9 )
(sala:10:21 23 )
(sala:14:15 15 16 )
(sala:15:18 19 19 )
(sala:16:25 )
(sala:21:21 22 23 )
(sala:22:27 )
(sala:27:24 25 25 26 )
(sala:35:27 28 29 29 )
(1:11:Caminante Blanco:I:J )
(7:11:Targaryen:A:12 9 5 )
(8:11:Targaryen:D:13 11 7 4 )
(10:11:Lannister:T:19 17 15 13 11 9 7 5 3 1 )
(35:11:Stark:S:27 29 23 21 17 14 11 8 5 )
(turno:12)
(mapa:35)
(puerta:abierta:5:1 3 5 7 9 11 13 15 17 19 21 23 25 29 :27 )
 _ _ _ _ _ _ 
|I _  |_ _  |
|_   A|_    |
|_ _|D  |T|_|
|  _     _| |
|_ _|_|  _  |
|_ _ _ _ _ S|
(sala:0:0 1 1 2 3 )
(sala:1:6 )
(sala:2:9 )
(sala:10:21 23 )
(sala:14:15 16 )
(sala:15:18 19 19 )
(sala:16:19 25 )
(sala:21:21 22 23 )
(sala:22:27 )
(sala:27:24 25 25 26 )
(sala:35:27 28 29 29 )
(0:12:Caminante Blanco:I:J )
(8:12:Targaryen:A:12 9 5 )
(14:12:Targaryen:D:15 13 11 7 4 )
(16:12:Lannister:T:17 15 13 11 9 7 5 3 1 )
(35:12:Stark:S:29 23 21 17 14 11 8 5 )
